This is pdfTeX, Version 3.14159265-2.6-1.40.19 (TeX Live 2018) (preloaded format=pdflatex 2018.4.16)  8 MAR 2020 21:36
entering extended mode
 restricted \write18 enabled.
 file:line:error style messages enabled.
 %&-line parsing enabled.
**solutions_to_probability_book.tex
(./solutions_to_probability_book.tex
LaTeX2e <2018-04-01> patch level 2
Babel <3.18> and hyphenation patterns for 84 language(s) loaded.
(/usr/local/texlive/2018/texmf-dist/tex/latex/base/book.cls
Document Class: book 2014/09/29 v1.4h Standard LaTeX document class
(/usr/local/texlive/2018/texmf-dist/tex/latex/base/bk11.clo
File: bk11.clo 2014/09/29 v1.4h Standard LaTeX file (size option)
)
\c@part=\count80
\c@chapter=\count81
\c@section=\count82
\c@subsection=\count83
\c@subsubsection=\count84
\c@paragraph=\count85
\c@subparagraph=\count86
\c@figure=\count87
\c@table=\count88
\abovecaptionskip=\skip41
\belowcaptionskip=\skip42
\bibindent=\dimen102
)
(/usr/local/texlive/2018/texmf-dist/tex/latex/geometry/geometry.sty
Package: geometry 2018/03/24 v5.7 Page Geometry

(/usr/local/texlive/2018/texmf-dist/tex/latex/graphics/keyval.sty
Package: keyval 2014/10/28 v1.15 key=value parser (DPC)
\KV@toks@=\toks14
)
(/usr/local/texlive/2018/texmf-dist/tex/generic/oberdiek/ifpdf.sty
Package: ifpdf 2017/03/15 v3.2 Provides the ifpdf switch
)
(/usr/local/texlive/2018/texmf-dist/tex/generic/oberdiek/ifvtex.sty
Package: ifvtex 2016/05/16 v1.6 Detect VTeX and its facilities (HO)
Package ifvtex Info: VTeX not detected.
)
(/usr/local/texlive/2018/texmf-dist/tex/generic/ifxetex/ifxetex.sty
Package: ifxetex 2010/09/12 v0.6 Provides ifxetex conditional
)
\Gm@cnth=\count89
\Gm@cntv=\count90
\c@Gm@tempcnt=\count91
\Gm@bindingoffset=\dimen103
\Gm@wd@mp=\dimen104
\Gm@odd@mp=\dimen105
\Gm@even@mp=\dimen106
\Gm@layoutwidth=\dimen107
\Gm@layoutheight=\dimen108
\Gm@layouthoffset=\dimen109
\Gm@layoutvoffset=\dimen110
\Gm@dimlist=\toks15
)
(/usr/local/texlive/2018/texmf-dist/tex/latex/amsmath/amsmath.sty
Package: amsmath 2017/09/02 v2.17a AMS math features
\@mathmargin=\skip43

For additional information on amsmath, use the `?' option.
(/usr/local/texlive/2018/texmf-dist/tex/latex/amsmath/amstext.sty
Package: amstext 2000/06/29 v2.01 AMS text

(/usr/local/texlive/2018/texmf-dist/tex/latex/amsmath/amsgen.sty
File: amsgen.sty 1999/11/30 v2.0 generic functions
\@emptytoks=\toks16
\ex@=\dimen111
))
(/usr/local/texlive/2018/texmf-dist/tex/latex/amsmath/amsbsy.sty
Package: amsbsy 1999/11/29 v1.2d Bold Symbols
\pmbraise@=\dimen112
)
(/usr/local/texlive/2018/texmf-dist/tex/latex/amsmath/amsopn.sty
Package: amsopn 2016/03/08 v2.02 operator names
)
\inf@bad=\count92
LaTeX Info: Redefining \frac on input line 213.
\uproot@=\count93
\leftroot@=\count94
LaTeX Info: Redefining \overline on input line 375.
\classnum@=\count95
\DOTSCASE@=\count96
LaTeX Info: Redefining \ldots on input line 472.
LaTeX Info: Redefining \dots on input line 475.
LaTeX Info: Redefining \cdots on input line 596.
\Mathstrutbox@=\box26
\strutbox@=\box27
\big@size=\dimen113
LaTeX Font Info:    Redeclaring font encoding OML on input line 712.
LaTeX Font Info:    Redeclaring font encoding OMS on input line 713.
\macc@depth=\count97
\c@MaxMatrixCols=\count98
\dotsspace@=\muskip10
\c@parentequation=\count99
\dspbrk@lvl=\count100
\tag@help=\toks17
\row@=\count101
\column@=\count102
\maxfields@=\count103
\andhelp@=\toks18
\eqnshift@=\dimen114
\alignsep@=\dimen115
\tagshift@=\dimen116
\tagwidth@=\dimen117
\totwidth@=\dimen118
\lineht@=\dimen119
\@envbody=\toks19
\multlinegap=\skip44
\multlinetaggap=\skip45
\mathdisplay@stack=\toks20
LaTeX Info: Redefining \[ on input line 2817.
LaTeX Info: Redefining \] on input line 2818.
)
(/usr/local/texlive/2018/texmf-dist/tex/latex/amscls/amsthm.sty
Package: amsthm 2017/10/31 v2.20.4
\thm@style=\toks21
\thm@bodyfont=\toks22
\thm@headfont=\toks23
\thm@notefont=\toks24
\thm@headpunct=\toks25
\thm@preskip=\skip46
\thm@postskip=\skip47
\thm@headsep=\skip48
\dth@everypar=\toks26
)
(/usr/local/texlive/2018/texmf-dist/tex/latex/amsfonts/amssymb.sty
Package: amssymb 2013/01/14 v3.01 AMS font symbols

(/usr/local/texlive/2018/texmf-dist/tex/latex/amsfonts/amsfonts.sty
Package: amsfonts 2013/01/14 v3.01 Basic AMSFonts support
\symAMSa=\mathgroup4
\symAMSb=\mathgroup5
LaTeX Font Info:    Overwriting math alphabet `\mathfrak' in version `bold'
(Font)                  U/euf/m/n --> U/euf/b/n on input line 106.
))
(/usr/local/texlive/2018/texmf-dist/tex/latex/graphics/graphicx.sty
Package: graphicx 2017/06/01 v1.1a Enhanced LaTeX Graphics (DPC,SPQR)

(/usr/local/texlive/2018/texmf-dist/tex/latex/graphics/graphics.sty
Package: graphics 2017/06/25 v1.2c Standard LaTeX Graphics (DPC,SPQR)

(/usr/local/texlive/2018/texmf-dist/tex/latex/graphics/trig.sty
Package: trig 2016/01/03 v1.10 sin cos tan (DPC)
)
(/usr/local/texlive/2018/texmf-dist/tex/latex/graphics-cfg/graphics.cfg
File: graphics.cfg 2016/06/04 v1.11 sample graphics configuration
)
Package graphics Info: Driver file: pdftex.def on input line 99.

(/usr/local/texlive/2018/texmf-dist/tex/latex/graphics-def/pdftex.def
File: pdftex.def 2018/01/08 v1.0l Graphics/color driver for pdftex
))
\Gin@req@height=\dimen120
\Gin@req@width=\dimen121
)
(/usr/local/texlive/2018/texmf-dist/tex/latex/bbm-macros/bbm.sty
Package: bbm 1999/03/15 V 1.2 provides fonts for set symbols - TH
LaTeX Font Info:    Overwriting math alphabet `\mathbbm' in version `bold'
(Font)                  U/bbm/m/n --> U/bbm/bx/n on input line 33.
LaTeX Font Info:    Overwriting math alphabet `\mathbbmss' in version `bold'
(Font)                  U/bbmss/m/n --> U/bbmss/bx/n on input line 35.
)
(/usr/local/texlive/2018/texmf-dist/tex/latex/pgf/frontendlayer/tikz.sty
(/usr/local/texlive/2018/texmf-dist/tex/latex/pgf/basiclayer/pgf.sty
(/usr/local/texlive/2018/texmf-dist/tex/latex/pgf/utilities/pgfrcs.sty
(/usr/local/texlive/2018/texmf-dist/tex/generic/pgf/utilities/pgfutil-common.te
x
\pgfutil@everybye=\toks27
\pgfutil@tempdima=\dimen122
\pgfutil@tempdimb=\dimen123

(/usr/local/texlive/2018/texmf-dist/tex/generic/pgf/utilities/pgfutil-common-li
sts.tex))
(/usr/local/texlive/2018/texmf-dist/tex/generic/pgf/utilities/pgfutil-latex.def
\pgfutil@abb=\box28
(/usr/local/texlive/2018/texmf-dist/tex/latex/ms/everyshi.sty
Package: everyshi 2001/05/15 v3.00 EveryShipout Package (MS)
))
(/usr/local/texlive/2018/texmf-dist/tex/generic/pgf/utilities/pgfrcs.code.tex
Package: pgfrcs 2015/08/07 v3.0.1a (rcs-revision 1.31)
))
Package: pgf 2015/08/07 v3.0.1a (rcs-revision 1.15)
(/usr/local/texlive/2018/texmf-dist/tex/latex/pgf/basiclayer/pgfcore.sty
(/usr/local/texlive/2018/texmf-dist/tex/latex/pgf/systemlayer/pgfsys.sty
(/usr/local/texlive/2018/texmf-dist/tex/generic/pgf/systemlayer/pgfsys.code.tex
Package: pgfsys 2014/07/09 v3.0.1a (rcs-revision 1.48)
(/usr/local/texlive/2018/texmf-dist/tex/generic/pgf/utilities/pgfkeys.code.tex
\pgfkeys@pathtoks=\toks28
\pgfkeys@temptoks=\toks29

(/usr/local/texlive/2018/texmf-dist/tex/generic/pgf/utilities/pgfkeysfiltered.c
ode.tex
\pgfkeys@tmptoks=\toks30
))
\pgf@x=\dimen124
\pgf@y=\dimen125
\pgf@xa=\dimen126
\pgf@ya=\dimen127
\pgf@xb=\dimen128
\pgf@yb=\dimen129
\pgf@xc=\dimen130
\pgf@yc=\dimen131
\w@pgf@writea=\write3
\r@pgf@reada=\read1
\c@pgf@counta=\count104
\c@pgf@countb=\count105
\c@pgf@countc=\count106
\c@pgf@countd=\count107
\t@pgf@toka=\toks31
\t@pgf@tokb=\toks32
\t@pgf@tokc=\toks33

(/usr/local/texlive/2018/texmf-dist/tex/generic/pgf/systemlayer/pgf.cfg
File: pgf.cfg 2008/05/14  (rcs-revision 1.7)
)
Driver file for pgf: pgfsys-pdftex.def

(/usr/local/texlive/2018/texmf-dist/tex/generic/pgf/systemlayer/pgfsys-pdftex.d
ef
File: pgfsys-pdftex.def 2014/10/11  (rcs-revision 1.35)

(/usr/local/texlive/2018/texmf-dist/tex/generic/pgf/systemlayer/pgfsys-common-p
df.def
File: pgfsys-common-pdf.def 2013/10/10  (rcs-revision 1.13)
)))
(/usr/local/texlive/2018/texmf-dist/tex/generic/pgf/systemlayer/pgfsyssoftpath.
code.tex
File: pgfsyssoftpath.code.tex 2013/09/09  (rcs-revision 1.9)
\pgfsyssoftpath@smallbuffer@items=\count108
\pgfsyssoftpath@bigbuffer@items=\count109
)
(/usr/local/texlive/2018/texmf-dist/tex/generic/pgf/systemlayer/pgfsysprotocol.
code.tex
File: pgfsysprotocol.code.tex 2006/10/16  (rcs-revision 1.4)
)) (/usr/local/texlive/2018/texmf-dist/tex/latex/xcolor/xcolor.sty
Package: xcolor 2016/05/11 v2.12 LaTeX color extensions (UK)

(/usr/local/texlive/2018/texmf-dist/tex/latex/graphics-cfg/color.cfg
File: color.cfg 2016/01/02 v1.6 sample color configuration
)
Package xcolor Info: Driver file: pdftex.def on input line 225.
Package xcolor Info: Model `cmy' substituted by `cmy0' on input line 1348.
Package xcolor Info: Model `hsb' substituted by `rgb' on input line 1352.
Package xcolor Info: Model `RGB' extended on input line 1364.
Package xcolor Info: Model `HTML' substituted by `rgb' on input line 1366.
Package xcolor Info: Model `Hsb' substituted by `hsb' on input line 1367.
Package xcolor Info: Model `tHsb' substituted by `hsb' on input line 1368.
Package xcolor Info: Model `HSB' substituted by `hsb' on input line 1369.
Package xcolor Info: Model `Gray' substituted by `gray' on input line 1370.
Package xcolor Info: Model `wave' substituted by `hsb' on input line 1371.
)
(/usr/local/texlive/2018/texmf-dist/tex/generic/pgf/basiclayer/pgfcore.code.tex
Package: pgfcore 2010/04/11 v3.0.1a (rcs-revision 1.7)
(/usr/local/texlive/2018/texmf-dist/tex/generic/pgf/math/pgfmath.code.tex
(/usr/local/texlive/2018/texmf-dist/tex/generic/pgf/math/pgfmathcalc.code.tex
(/usr/local/texlive/2018/texmf-dist/tex/generic/pgf/math/pgfmathutil.code.tex)
(/usr/local/texlive/2018/texmf-dist/tex/generic/pgf/math/pgfmathparser.code.tex
\pgfmath@dimen=\dimen132
\pgfmath@count=\count110
\pgfmath@box=\box29
\pgfmath@toks=\toks34
\pgfmath@stack@operand=\toks35
\pgfmath@stack@operation=\toks36
)
(/usr/local/texlive/2018/texmf-dist/tex/generic/pgf/math/pgfmathfunctions.code.
tex
(/usr/local/texlive/2018/texmf-dist/tex/generic/pgf/math/pgfmathfunctions.basic
.code.tex)
(/usr/local/texlive/2018/texmf-dist/tex/generic/pgf/math/pgfmathfunctions.trigo
nometric.code.tex)
(/usr/local/texlive/2018/texmf-dist/tex/generic/pgf/math/pgfmathfunctions.rando
m.code.tex)
(/usr/local/texlive/2018/texmf-dist/tex/generic/pgf/math/pgfmathfunctions.compa
rison.code.tex)
(/usr/local/texlive/2018/texmf-dist/tex/generic/pgf/math/pgfmathfunctions.base.
code.tex)
(/usr/local/texlive/2018/texmf-dist/tex/generic/pgf/math/pgfmathfunctions.round
.code.tex)
(/usr/local/texlive/2018/texmf-dist/tex/generic/pgf/math/pgfmathfunctions.misc.
code.tex)
(/usr/local/texlive/2018/texmf-dist/tex/generic/pgf/math/pgfmathfunctions.integ
erarithmetics.code.tex)))
(/usr/local/texlive/2018/texmf-dist/tex/generic/pgf/math/pgfmathfloat.code.tex
\c@pgfmathroundto@lastzeros=\count111
))
(/usr/local/texlive/2018/texmf-dist/tex/generic/pgf/basiclayer/pgfcorepoints.co
de.tex
File: pgfcorepoints.code.tex 2013/10/07  (rcs-revision 1.27)
\pgf@picminx=\dimen133
\pgf@picmaxx=\dimen134
\pgf@picminy=\dimen135
\pgf@picmaxy=\dimen136
\pgf@pathminx=\dimen137
\pgf@pathmaxx=\dimen138
\pgf@pathminy=\dimen139
\pgf@pathmaxy=\dimen140
\pgf@xx=\dimen141
\pgf@xy=\dimen142
\pgf@yx=\dimen143
\pgf@yy=\dimen144
\pgf@zx=\dimen145
\pgf@zy=\dimen146
)
(/usr/local/texlive/2018/texmf-dist/tex/generic/pgf/basiclayer/pgfcorepathconst
ruct.code.tex
File: pgfcorepathconstruct.code.tex 2013/10/07  (rcs-revision 1.29)
\pgf@path@lastx=\dimen147
\pgf@path@lasty=\dimen148
)
(/usr/local/texlive/2018/texmf-dist/tex/generic/pgf/basiclayer/pgfcorepathusage
.code.tex
File: pgfcorepathusage.code.tex 2014/11/02  (rcs-revision 1.24)
\pgf@shorten@end@additional=\dimen149
\pgf@shorten@start@additional=\dimen150
)
(/usr/local/texlive/2018/texmf-dist/tex/generic/pgf/basiclayer/pgfcorescopes.co
de.tex
File: pgfcorescopes.code.tex 2015/05/08  (rcs-revision 1.46)
\pgfpic=\box30
\pgf@hbox=\box31
\pgf@layerbox@main=\box32
\pgf@picture@serial@count=\count112
)
(/usr/local/texlive/2018/texmf-dist/tex/generic/pgf/basiclayer/pgfcoregraphicst
ate.code.tex
File: pgfcoregraphicstate.code.tex 2014/11/02  (rcs-revision 1.12)
\pgflinewidth=\dimen151
)
(/usr/local/texlive/2018/texmf-dist/tex/generic/pgf/basiclayer/pgfcoretransform
ations.code.tex
File: pgfcoretransformations.code.tex 2015/08/07  (rcs-revision 1.20)
\pgf@pt@x=\dimen152
\pgf@pt@y=\dimen153
\pgf@pt@temp=\dimen154
)
(/usr/local/texlive/2018/texmf-dist/tex/generic/pgf/basiclayer/pgfcorequick.cod
e.tex
File: pgfcorequick.code.tex 2008/10/09  (rcs-revision 1.3)
)
(/usr/local/texlive/2018/texmf-dist/tex/generic/pgf/basiclayer/pgfcoreobjects.c
ode.tex
File: pgfcoreobjects.code.tex 2006/10/11  (rcs-revision 1.2)
)
(/usr/local/texlive/2018/texmf-dist/tex/generic/pgf/basiclayer/pgfcorepathproce
ssing.code.tex
File: pgfcorepathprocessing.code.tex 2013/09/09  (rcs-revision 1.9)
)
(/usr/local/texlive/2018/texmf-dist/tex/generic/pgf/basiclayer/pgfcorearrows.co
de.tex
File: pgfcorearrows.code.tex 2015/05/14  (rcs-revision 1.43)
\pgfarrowsep=\dimen155
)
(/usr/local/texlive/2018/texmf-dist/tex/generic/pgf/basiclayer/pgfcoreshade.cod
e.tex
File: pgfcoreshade.code.tex 2013/07/15  (rcs-revision 1.15)
\pgf@max=\dimen156
\pgf@sys@shading@range@num=\count113
)
(/usr/local/texlive/2018/texmf-dist/tex/generic/pgf/basiclayer/pgfcoreimage.cod
e.tex
File: pgfcoreimage.code.tex 2013/07/15  (rcs-revision 1.18)

(/usr/local/texlive/2018/texmf-dist/tex/generic/pgf/basiclayer/pgfcoreexternal.
code.tex
File: pgfcoreexternal.code.tex 2014/07/09  (rcs-revision 1.21)
\pgfexternal@startupbox=\box33
))
(/usr/local/texlive/2018/texmf-dist/tex/generic/pgf/basiclayer/pgfcorelayers.co
de.tex
File: pgfcorelayers.code.tex 2013/07/18  (rcs-revision 1.7)
)
(/usr/local/texlive/2018/texmf-dist/tex/generic/pgf/basiclayer/pgfcoretranspare
ncy.code.tex
File: pgfcoretransparency.code.tex 2013/09/30  (rcs-revision 1.5)
)
(/usr/local/texlive/2018/texmf-dist/tex/generic/pgf/basiclayer/pgfcorepatterns.
code.tex
File: pgfcorepatterns.code.tex 2013/11/07  (rcs-revision 1.5)
)))
(/usr/local/texlive/2018/texmf-dist/tex/generic/pgf/modules/pgfmoduleshapes.cod
e.tex
File: pgfmoduleshapes.code.tex 2014/03/21  (rcs-revision 1.35)
\pgfnodeparttextbox=\box34
)
(/usr/local/texlive/2018/texmf-dist/tex/generic/pgf/modules/pgfmoduleplot.code.
tex
File: pgfmoduleplot.code.tex 2015/08/03  (rcs-revision 1.13)
)
(/usr/local/texlive/2018/texmf-dist/tex/latex/pgf/compatibility/pgfcomp-version
-0-65.sty
Package: pgfcomp-version-0-65 2007/07/03 v3.0.1a (rcs-revision 1.7)
\pgf@nodesepstart=\dimen157
\pgf@nodesepend=\dimen158
)
(/usr/local/texlive/2018/texmf-dist/tex/latex/pgf/compatibility/pgfcomp-version
-1-18.sty
Package: pgfcomp-version-1-18 2007/07/23 v3.0.1a (rcs-revision 1.1)
))
(/usr/local/texlive/2018/texmf-dist/tex/latex/pgf/utilities/pgffor.sty
(/usr/local/texlive/2018/texmf-dist/tex/latex/pgf/utilities/pgfkeys.sty
(/usr/local/texlive/2018/texmf-dist/tex/generic/pgf/utilities/pgfkeys.code.tex)
) (/usr/local/texlive/2018/texmf-dist/tex/latex/pgf/math/pgfmath.sty
(/usr/local/texlive/2018/texmf-dist/tex/generic/pgf/math/pgfmath.code.tex))
(/usr/local/texlive/2018/texmf-dist/tex/generic/pgf/utilities/pgffor.code.tex
Package: pgffor 2013/12/13 v3.0.1a (rcs-revision 1.25)

(/usr/local/texlive/2018/texmf-dist/tex/generic/pgf/math/pgfmath.code.tex)
\pgffor@iter=\dimen159
\pgffor@skip=\dimen160
\pgffor@stack=\toks37
\pgffor@toks=\toks38
))
(/usr/local/texlive/2018/texmf-dist/tex/generic/pgf/frontendlayer/tikz/tikz.cod
e.tex
Package: tikz 2015/08/07 v3.0.1a (rcs-revision 1.151)

(/usr/local/texlive/2018/texmf-dist/tex/generic/pgf/libraries/pgflibraryplothan
dlers.code.tex
File: pgflibraryplothandlers.code.tex 2013/08/31 v3.0.1a (rcs-revision 1.20)
\pgf@plot@mark@count=\count114
\pgfplotmarksize=\dimen161
)
\tikz@lastx=\dimen162
\tikz@lasty=\dimen163
\tikz@lastxsaved=\dimen164
\tikz@lastysaved=\dimen165
\tikzleveldistance=\dimen166
\tikzsiblingdistance=\dimen167
\tikz@figbox=\box35
\tikz@figbox@bg=\box36
\tikz@tempbox=\box37
\tikz@tempbox@bg=\box38
\tikztreelevel=\count115
\tikznumberofchildren=\count116
\tikznumberofcurrentchild=\count117
\tikz@fig@count=\count118

(/usr/local/texlive/2018/texmf-dist/tex/generic/pgf/modules/pgfmodulematrix.cod
e.tex
File: pgfmodulematrix.code.tex 2013/09/17  (rcs-revision 1.8)
\pgfmatrixcurrentrow=\count119
\pgfmatrixcurrentcolumn=\count120
\pgf@matrix@numberofcolumns=\count121
)
\tikz@expandcount=\count122

(/usr/local/texlive/2018/texmf-dist/tex/generic/pgf/frontendlayer/tikz/librarie
s/tikzlibrarytopaths.code.tex
File: tikzlibrarytopaths.code.tex 2008/06/17 v3.0.1a (rcs-revision 1.2)
)))
(/usr/local/texlive/2018/texmf-dist/tex/latex/asymptote/asymptote.sty
Package: asymptote 2016/11/26 v1.33 Asymptote style file for LaTeX

(./solutions_to_probability_book.pre)
\ASYbox=\box39
\ASYdimen=\dimen168
\c@asy=\count123
\AsyStream=\write4
\AsyPreStream=\write5

(/usr/local/texlive/2018/texmf-dist/tex/latex/base/ifthen.sty
Package: ifthen 2014/09/29 v1.1c Standard LaTeX ifthen package (DPC)
)
(/usr/local/texlive/2018/texmf-dist/tex/generic/oberdiek/catchfile.sty
Package: catchfile 2016/05/16 v1.7 Catch the contents of a file (HO)

(/usr/local/texlive/2018/texmf-dist/tex/generic/oberdiek/infwarerr.sty
Package: infwarerr 2016/05/16 v1.4 Providing info/warning/error messages (HO)
)
(/usr/local/texlive/2018/texmf-dist/tex/generic/oberdiek/ltxcmds.sty
Package: ltxcmds 2016/05/16 v1.23 LaTeX kernel commands for general use (HO)
)
(/usr/local/texlive/2018/texmf-dist/tex/generic/oberdiek/etexcmds.sty
Package: etexcmds 2016/05/16 v1.6 Avoid name clashes with e-TeX commands (HO)

(/usr/local/texlive/2018/texmf-dist/tex/generic/oberdiek/ifluatex.sty
Package: ifluatex 2016/05/16 v1.4 Provides the ifluatex switch (HO)
Package ifluatex Info: LuaTeX not detected.
)
Package etexcmds Info: Could not find \expanded.
(etexcmds)             That can mean that you are not using pdfTeX 1.50 or
(etexcmds)             that some package has redefined \expanded.
(etexcmds)             In the latter case, load this package earlier.
))
\openout5 = `solutions_to_probability_book.pre'.

)
(/usr/local/texlive/2018/texmf-dist/tex/latex/mathtools/mathtools.sty
Package: mathtools 2018/01/08 v1.21 mathematical typesetting tools

(/usr/local/texlive/2018/texmf-dist/tex/latex/tools/calc.sty
Package: calc 2017/05/25 v4.3 Infix arithmetic (KKT,FJ)
\calc@Acount=\count124
\calc@Bcount=\count125
\calc@Adimen=\dimen169
\calc@Bdimen=\dimen170
\calc@Askip=\skip49
\calc@Bskip=\skip50
LaTeX Info: Redefining \setlength on input line 80.
LaTeX Info: Redefining \addtolength on input line 81.
\calc@Ccount=\count126
\calc@Cskip=\skip51
)
(/usr/local/texlive/2018/texmf-dist/tex/latex/mathtools/mhsetup.sty
Package: mhsetup 2017/03/31 v1.3 programming setup (MH)
)
LaTeX Info: Thecontrolsequence`\('isalreadyrobust on input line 129.
LaTeX Info: Thecontrolsequence`\)'isalreadyrobust on input line 129.
LaTeX Info: Thecontrolsequence`\['isalreadyrobust on input line 129.
LaTeX Info: Thecontrolsequence`\]'isalreadyrobust on input line 129.
\g_MT_multlinerow_int=\count127
\l_MT_multwidth_dim=\dimen171
\origjot=\skip52
\l_MT_shortvdotswithinadjustabove_dim=\dimen172
\l_MT_shortvdotswithinadjustbelow_dim=\dimen173
\l_MT_above_intertext_sep=\dimen174
\l_MT_below_intertext_sep=\dimen175
\l_MT_above_shortintertext_sep=\dimen176
\l_MT_below_shortintertext_sep=\dimen177
)
(/usr/local/texlive/2018/texmf-dist/tex/latex/tools/afterpage.sty
Package: afterpage 2014/10/28 v1.08 After-Page Package (DPC)
\AP@output=\toks39
\AP@partial=\box40
\AP@footins=\box41
)
(/usr/local/texlive/2018/texmf-dist/tex/latex/listings/listings.sty
\lst@mode=\count128
\lst@gtempboxa=\box42
\lst@token=\toks40
\lst@length=\count129
\lst@currlwidth=\dimen178
\lst@column=\count130
\lst@pos=\count131
\lst@lostspace=\dimen179
\lst@width=\dimen180
\lst@newlines=\count132
\lst@lineno=\count133
\lst@maxwidth=\dimen181

(/usr/local/texlive/2018/texmf-dist/tex/latex/listings/lstmisc.sty
File: lstmisc.sty 2015/06/04 1.6 (Carsten Heinz)
\c@lstnumber=\count134
\lst@skipnumbers=\count135
\lst@framebox=\box43
)
(/usr/local/texlive/2018/texmf-dist/tex/latex/listings/listings.cfg
File: listings.cfg 2015/06/04 1.6 listings configuration
))
Package: listings 2015/06/04 1.6 (Carsten Heinz)

(/usr/local/texlive/2018/texmf-dist/tex/latex/pdfpages/pdfpages.sty
Package: pdfpages 2017/10/31 v0.5l Insert pages of external PDF documents (AM)

(/usr/local/texlive/2018/texmf-dist/tex/latex/eso-pic/eso-pic.sty
Package: eso-pic 2015/07/21 v2.0g eso-pic (RN)

(/usr/local/texlive/2018/texmf-dist/tex/generic/oberdiek/atbegshi.sty
Package: atbegshi 2016/06/09 v1.18 At begin shipout hook (HO)
))
\AM@pagewidth=\dimen182
\AM@pageheight=\dimen183

(/usr/local/texlive/2018/texmf-dist/tex/latex/pdfpages/pppdftex.def
File: pppdftex.def 2017/10/31 v0.5l Pdfpages driver for pdfTeX (AM)
)
\AM@pagebox=\box44
\AM@global@opts=\toks41
\AM@toc@title=\toks42
\c@AM@survey=\count136
\AM@templatesizebox=\box45
)
(/usr/local/texlive/2018/texmf-dist/tex/latex/tools/bm.sty
Package: bm 2017/01/16 v1.2c Bold Symbol Support (DPC/FMi)
\symboldoperators=\mathgroup6
\symboldletters=\mathgroup7
\symboldsymbols=\mathgroup8
LaTeX Font Info:    Redeclaring math alphabet \mathbf on input line 141.
LaTeX Info: Redefining \bm on input line 207.
)
(/usr/local/texlive/2018/texmf-dist/tex/latex/colortbl/colortbl.sty
Package: colortbl 2012/02/13 v1.0a Color table columns (DPC)

(/usr/local/texlive/2018/texmf-dist/tex/latex/tools/array.sty
Package: array 2018/04/07 v2.4g Tabular extension package (FMi)
\col@sep=\dimen184
\ar@mcellbox=\box46
\extrarowheight=\dimen185
\NC@list=\toks43
\extratabsurround=\skip53
\backup@length=\skip54
\ar@cellbox=\box47
)
\everycr=\toks44
\minrowclearance=\skip55
)
\mybox=\box48
\mysim=\box49

(./solutions_to_probability_book.aux (./chpt1/chpt1.aux) (./chpt2/chpt2.aux)
(./chpt3/chpt3.aux) (./chpt4/chpt4.aux) (./chpt5/chpt5.aux

LaTeX Warning: Label `fig:prob_27' multiply defined.


LaTeX Warning: Label `fig:prob_30' multiply defined.

) (./chpt6/chpt6.aux

LaTeX Warning: Label `fig:prob_18' multiply defined.


LaTeX Warning: Label `fig:prob_19' multiply defined.

) (./chpt7/chpt7.aux) (./chpt8/chpt8.aux) (./chpt9/chpt9.aux)
(./chpt13/chpt13.aux))
\openout1 = `solutions_to_probability_book.aux'.

LaTeX Font Info:    Checking defaults for OML/cmm/m/it on input line 53.
LaTeX Font Info:    ... okay on input line 53.
LaTeX Font Info:    Checking defaults for T1/cmr/m/n on input line 53.
LaTeX Font Info:    ... okay on input line 53.
LaTeX Font Info:    Checking defaults for OT1/cmr/m/n on input line 53.
LaTeX Font Info:    ... okay on input line 53.
LaTeX Font Info:    Checking defaults for OMS/cmsy/m/n on input line 53.
LaTeX Font Info:    ... okay on input line 53.
LaTeX Font Info:    Checking defaults for OMX/cmex/m/n on input line 53.
LaTeX Font Info:    ... okay on input line 53.
LaTeX Font Info:    Checking defaults for U/cmr/m/n on input line 53.
LaTeX Font Info:    ... okay on input line 53.

*geometry* detected driver: dvips
*geometry* verbose mode - [ preamble ] result:
* driver: dvips
* paper: letterpaper
* layout: <same size as paper>
* layoutoffset:(h,v)=(0.0pt,0.0pt)
* modes: twoside 
* h-part:(L,W,R)=(72.26999pt, 469.75502pt, 72.26999pt)
* v-part:(T,H,B)=(72.26999pt, 672.11122pt, 50.58878pt)
* \paperwidth=614.295pt
* \paperheight=794.96999pt
* \textwidth=469.75502pt
* \textheight=672.11122pt
* \oddsidemargin=0.0pt
* \evensidemargin=0.0pt
* \topmargin=-31.8738pt
* \headheight=12.0pt
* \headsep=19.8738pt
* \topskip=11.0pt
* \footskip=27.46295pt
* \marginparwidth=116.0pt
* \marginparsep=7.0pt
* \columnsep=10.0pt
* \skip\footins=10.0pt plus 4.0pt minus 2.0pt
* \hoffset=0.0pt
* \voffset=0.0pt
* \mag=1000
* \@twocolumnfalse
* \@twosidetrue
* \@mparswitchtrue
* \@reversemarginfalse
* (1in=72.27pt=25.4mm, 1cm=28.453pt)

(/usr/local/texlive/2018/texmf-dist/tex/context/base/mkii/supp-pdf.mkii
[Loading MPS to PDF converter (version 2006.09.02).]
\scratchcounter=\count137
\scratchdimen=\dimen186
\scratchbox=\box50
\nofMPsegments=\count138
\nofMParguments=\count139
\everyMPshowfont=\toks45
\MPscratchCnt=\count140
\MPscratchDim=\dimen187
\MPnumerator=\count141
\makeMPintoPDFobject=\count142
\everyMPtoPDFconversion=\toks46
) (/usr/local/texlive/2018/texmf-dist/tex/latex/oberdiek/epstopdf-base.sty
Package: epstopdf-base 2016/05/15 v2.6 Base part for package epstopdf

(/usr/local/texlive/2018/texmf-dist/tex/latex/oberdiek/grfext.sty
Package: grfext 2016/05/16 v1.2 Manage graphics extensions (HO)

(/usr/local/texlive/2018/texmf-dist/tex/generic/oberdiek/kvdefinekeys.sty
Package: kvdefinekeys 2016/05/16 v1.4 Define keys (HO)
))
(/usr/local/texlive/2018/texmf-dist/tex/latex/oberdiek/kvoptions.sty
Package: kvoptions 2016/05/16 v3.12 Key value format for package options (HO)

(/usr/local/texlive/2018/texmf-dist/tex/generic/oberdiek/kvsetkeys.sty
Package: kvsetkeys 2016/05/16 v1.17 Key value parser (HO)
))
(/usr/local/texlive/2018/texmf-dist/tex/generic/oberdiek/pdftexcmds.sty
Package: pdftexcmds 2018/01/30 v0.27 Utility functions of pdfTeX for LuaTeX (HO
)
Package pdftexcmds Info: LuaTeX not detected.
Package pdftexcmds Info: \pdf@primitive is available.
Package pdftexcmds Info: \pdf@ifprimitive is available.
Package pdftexcmds Info: \pdfdraftmode found.
)
Package epstopdf-base Info: Redefining graphics rule for `.eps' on input line 4
38.
Package grfext Info: Graphics extension search list:
(grfext)             [.pdf,.png,.jpg,.mps,.jpeg,.jbig2,.jb2,.PDF,.PNG,.JPG,.JPE
G,.JBIG2,.JB2,.eps]
(grfext)             \AppendGraphicsExtensions on input line 456.

(/usr/local/texlive/2018/texmf-dist/tex/latex/latexconfig/epstopdf-sys.cfg
File: epstopdf-sys.cfg 2010/07/13 v1.3 Configuration of (r)epstopdf for TeX Liv
e
))
ABD: EveryShipout initializing macros
\c@lstlisting=\count143
\AtBeginShipoutBox=\box51

(/usr/local/texlive/2018/texmf-dist/tex/latex/oberdiek/pdflscape.sty
Package: pdflscape 2016/05/14 v0.11 Display of landscape pages in PDF (HO)

(/usr/local/texlive/2018/texmf-dist/tex/latex/graphics/lscape.sty
Package: lscape 2000/10/22 v3.01 Landscape Pages (DPC)
)
Package pdflscape Info: Auto-detected driver: pdftex on input line 81.
)
<book_cover/book_cover.pdf, id=4, 614.295pt x 794.97pt>
File: book_cover/book_cover.pdf Graphic file (type pdf)
<use book_cover/book_cover.pdf>
Package pdftex.def Info: book_cover/book_cover.pdf  used on input line 60.
(pdftex.def)             Requested size: 614.31223pt x 794.96999pt.

Overfull \hbox (72.15965pt too wide) in paragraph at lines 59--61
 []|  [] 
 []


LaTeX Warning: Float too large for page by 50.58896pt on input line 61.


LaTeX Warning: `h' float specifier changed to `ht'.

[1
Non-PDF special ignored!
<special> papersize=614.295pt,794.96999pt
{/usr/local/texlive/2018/texmf-var/fonts/map/pdftex/updmap/pdftex.map} <./book_
cover/book_cover.pdf>] [2


] (./solutions_to_probability_book.toc)
\tf@toc=\write6
\openout6 = `solutions_to_probability_book.toc'.

 [3] [4

]
Chapter 1.
[5]
\openout2 = `chpt1/chpt1.aux'.

 (./chpt1/chpt1.tex
LaTeX Font Info:    Try loading font information for U+msa on input line 3.

(/usr/local/texlive/2018/texmf-dist/tex/latex/amsfonts/umsa.fd
File: umsa.fd 2013/01/14 v3.01 AMS symbols A
)
LaTeX Font Info:    Try loading font information for U+msb on input line 3.

(/usr/local/texlive/2018/texmf-dist/tex/latex/amsfonts/umsb.fd
File: umsb.fd 2013/01/14 v3.01 AMS symbols B
) [6

] [7]
LaTeX Font Info:    Try loading font information for U+bbm on input line 191.

(/usr/local/texlive/2018/texmf-dist/tex/latex/bbm-macros/ubbm.fd
File: ubbm.fd 1999/03/15 V 1.2 Font definition for bbm font - TH
) [8]
Underfull \hbox (badness 10000) in paragraph at lines 211--213

 []

[9] [10] [11] [12]
<chpt1/prob19.pdf, id=89, 361.35pt x 289.08pt>
File: chpt1/prob19.pdf Graphic file (type pdf)
<use chpt1/prob19.pdf>
Package pdftex.def Info: chpt1/prob19.pdf  used on input line 478.
(pdftex.def)             Requested size: 213.39314pt x 170.71652pt.
<chpt1/prob20.pdf, id=90, 279.13112pt x 234.02562pt>
File: chpt1/prob20.pdf Graphic file (type pdf)
<use chpt1/prob20.pdf>
Package pdftex.def Info: chpt1/prob20.pdf  used on input line 503.
(pdftex.def)             Requested size: 203.62772pt x 170.71652pt.
 [13 <./chpt1/prob19.pdf>] [14 <./chpt1/prob20.pdf>] [15]
Overfull \hbox (19.01103pt too wide) detected at line 667
[]
 []

[16]
<chpt1/tree_27.pdf, id=138, 515.04045pt x 316.34467pt>
File: chpt1/tree_27.pdf Graphic file (type pdf)
<use chpt1/tree_27.pdf>
Package pdftex.def Info: chpt1/tree_27.pdf  used on input line 677.
(pdftex.def)             Requested size: 277.93695pt x 170.71652pt.
 [17 <./chpt1/tree_27.pdf>]
Overfull \hbox (4.57227pt too wide) in paragraph at lines 724--725
[]$\OML/cmm/m/it/10.95 P\OT1/cmr/m/n/10.95 (\OML/cmm/m/it/10.95 F\OT1/cmr/m/n/1
0.95 ) = \OML/cmm/m/it/10.95 P\OT1/cmr/m/n/10.95 (\OML/cmm/m/it/10.95 C[]; C[];
 C[]\OT1/cmr/m/n/10.95 ) + \OML/cmm/m/it/10.95 P\OT1/cmr/m/n/10.95 (\OML/cmm/m/
it/10.95 C[]; C[]; C[]\OT1/cmr/m/n/10.95 ) \OMS/cmsy/m/n/10.95 ^^@ \OML/cmm/m/i
t/10.95 P\OT1/cmr/m/n/10.95 (\OML/cmm/m/it/10.95 C[]; C[]; C[]; C[]; C[]\OT1/cm
r/m/n/10.95 ) = \OML/cmm/m/it/10.95 P[]P[]P[] \OT1/cmr/m/n/10.95 + \OML/cmm/m/i
t/10.95 P[]P[]P[] \OMS/cmsy/m/n/10.95 ^^@ \OML/cmm/m/it/10.95 P[]P[]P[]P[]P[]$ 

 []

<chpt1/prob30.pdf, id=156, 361.35pt x 289.08pt>
File: chpt1/prob30.pdf Graphic file (type pdf)
<use chpt1/prob30.pdf>
Package pdftex.def Info: chpt1/prob30.pdf  used on input line 752.
(pdftex.def)             Requested size: 213.39314pt x 170.71652pt.
[18]
Overfull \hbox (41.96555pt too wide) detected at line 812
[]
 []


Underfull \vbox (badness 10000) has occurred while \output is active []

 [19 <./chpt1/prob30.pdf>]
Overfull \hbox (44.6009pt too wide) detected at line 829
[]
 []

[20] [21] [22]
Overfull \hbox (0.53236pt too wide) in paragraph at lines 927--928
\OML/cmm/m/it/10.95 P\OT1/cmr/m/n/10.95 (\OML/cmm/m/it/10.95 H[]\OMS/cmsy/m/n/1
0.95 j\OML/cmm/m/it/10.95 H [] H\OT1/cmr/m/n/10.95 )$, and we know that from th
e law of to-tal prob-a-bil-ity $\OML/cmm/m/it/10.95 P\OT1/cmr/m/n/10.95 (\OML/c
mm/m/it/10.95 H[]\OT1/cmr/m/n/10.95 ) = \OML/cmm/m/it/10.95 P\OT1/cmr/m/n/10.95
 (\OML/cmm/m/it/10.95 H[]\OMS/cmsy/m/n/10.95 j\OML/cmm/m/it/10.95 F\OT1/cmr/m/n
/10.95 )\OML/cmm/m/it/10.95 P\OT1/cmr/m/n/10.95 (\OML/cmm/m/it/10.95 F\OT1/cmr/
m/n/10.95 ) +
 []


Overfull \hbox (6.60913pt too wide) in paragraph at lines 933--934
[]\OT1/cmr/m/n/10.95 The terms $\OML/cmm/m/it/10.95 P\OT1/cmr/m/n/10.95 (\OML/c
mm/m/it/10.95 H[]\OMS/cmsy/m/n/10.95 j\OML/cmm/m/it/10.95 F; H [] H\OT1/cmr/m/n
/10.95 )$ and $\OML/cmm/m/it/10.95 P\OT1/cmr/m/n/10.95 (\OML/cmm/m/it/10.95 H[]
\OMS/cmsy/m/n/10.95 j\OML/cmm/m/it/10.95 F[]; H [] H\OT1/cmr/m/n/10.95 )$ are c
on-di-tion-ally in-de-pen-dent of $\OML/cmm/m/it/10.95 H [] H$
 []


Overfull \hbox (53.27684pt too wide) detected at line 958
\OML/cmm/m/it/10.95 P\OT1/cmr/m/n/10.95 (\OML/cmm/m/it/10.95 X[] \OT1/cmr/m/n/1
0.95 = 1\OML/cmm/m/it/10.95 ; [] ; X[] \OT1/cmr/m/n/10.95 = 1\OMS/cmsy/m/n/10.9
5 j\OML/cmm/m/it/10.95 X[] \OT1/cmr/m/n/10.95 + [] + \OML/cmm/m/it/10.95 X[] \O
MS/cmsy/m/n/10.95 ^^U \OT1/cmr/m/n/10.95 1) = []\OML/cmm/m/it/10.95 :
 []

[23]
Underfull \vbox (badness 1762) has occurred while \output is active []

 [24])
[25] [26


]
Chapter 2.
[27]
\openout2 = `chpt2/chpt2.aux'.

 (./chpt2/chpt2.tex [28

] [29]
Overfull \hbox (13.27557pt too wide) detected at line 132
[]
 []

[30] [31] [32]
LaTeX Font Info:    Try loading font information for OML+cmr on input line 310.

 (/usr/local/texlive/2018/texmf-dist/tex/latex/base/omlcmr.fd
File: omlcmr.fd 2014/09/29 v2.5h Standard LaTeX font definitions
)
LaTeX Font Info:    Font shape `OML/cmr/m/n' in size <10.95> not available
(Font)              Font shape `OML/cmm/m/it' tried instead on input line 310.
)
[33] [34


]
Chapter 3.
[35]
\openout2 = `chpt3/chpt3.aux'.

 (./chpt3/chpt3.tex [36

]
Overfull \hbox (34.78453pt too wide) detected at line 115
[]
 []

[37] [38] [39] [40]
Overfull \hbox (15.58273pt too wide) in paragraph at lines 262--263
[]\OT1/cmr/m/n/10.95 In gen-eral, for this prob-lem $\OML/cmm/m/it/10.95 P\OT1/
cmr/m/n/10.95 (\OML/cmm/m/it/10.95 X \OT1/cmr/m/n/10.95 = \OML/cmm/m/it/10.95 x
\OT1/cmr/m/n/10.95 ) = \OML/cmm/m/it/10.95 P\OT1/cmr/m/n/10.95 (\OML/cmm/m/it/1
0.95 F[]; F[]; [] F[]; S[]\OT1/cmr/m/n/10.95 ) = \OML/cmm/m/it/10.95 P\OT1/cmr/
m/n/10.95 (\OML/cmm/m/it/10.95 F[]\OT1/cmr/m/n/10.95 )\OML/cmm/m/it/10.95 P\OT1
/cmr/m/n/10.95 (\OML/cmm/m/it/10.95 F[]\OT1/cmr/m/n/10.95 ) [] \OML/cmm/m/it/10
.95 P\OT1/cmr/m/n/10.95 (\OML/cmm/m/it/10.95 F[]\OT1/cmr/m/n/10.95 )\OML/cmm/m/
it/10.95 P\OT1/cmr/m/n/10.95 (\OML/cmm/m/it/10.95 S[]\OT1/cmr/m/n/10.95 )$,
 []

[41] [42]
<chpt3/prob12.pdf, id=253, 505.89pt x 289.08pt>
File: chpt3/prob12.pdf Graphic file (type pdf)
<use chpt3/prob12.pdf>
Package pdftex.def Info: chpt3/prob12.pdf  used on input line 398.
(pdftex.def)             Requested size: 298.7504pt x 170.71652pt.
 [43]
Underfull \vbox (badness 1810) has occurred while \output is active []

 [44 <./chpt3/prob12.pdf>] [45]
Overfull \hbox (0.46631pt too wide) in paragraph at lines 542--543
[]\OT1/cmr/m/n/10.95 In Prob-lem 5 from 3.1.6 of the book, we showed that if $\
OML/cmm/m/it/10.95 X[]; X[]; [] ; X[] \OMS/cmsy/m/n/10.95 ^^X \OML/cmm/m/it/10.
95 Geom\OT1/cmr/m/n/10.95 (\OML/cmm/m/it/10.95 p\OT1/cmr/m/n/10.95 ) =
 []

[46] [47]
<chpt3/prob21.pdf, id=284, 505.89pt x 289.08pt>
File: chpt3/prob21.pdf Graphic file (type pdf)
<use chpt3/prob21.pdf>
Package pdftex.def Info: chpt3/prob21.pdf  used on input line 624.
(pdftex.def)             Requested size: 298.7504pt x 170.71652pt.
 [48 <./chpt3/prob21.pdf>] [49]
<chpt3/prob25.pdf, id=304, 505.89pt x 289.08pt>
File: chpt3/prob25.pdf Graphic file (type pdf)
<use chpt3/prob25.pdf>
Package pdftex.def Info: chpt3/prob25.pdf  used on input line 721.
(pdftex.def)             Requested size: 298.7504pt x 170.71652pt.
<chpt3/prob25b.pdf, id=305, 505.89pt x 289.08pt>
File: chpt3/prob25b.pdf Graphic file (type pdf)
<use chpt3/prob25b.pdf>
Package pdftex.def Info: chpt3/prob25b.pdf  used on input line 730.
(pdftex.def)             Requested size: 298.7504pt x 170.71652pt.
 [50]
Underfull \vbox (badness 1281) has occurred while \output is active []

 [51 <./chpt3/prob25.pdf> <./chpt3/prob25b.pdf

pdfTeX warning: /Library/TeX/texbin/pdflatex (file ./chpt3/prob25b.pdf): PDF in
clusion: multiple pdfs with page group included in a single page
>]) [52]
Chapter 4.
[53


]
\openout2 = `chpt4/chpt4.aux'.

 (./chpt4/chpt4.tex [54

] [55] [56] [57] [58]
<chpt4/prob13.pdf, id=362, 505.89pt x 289.08pt>
File: chpt4/prob13.pdf Graphic file (type pdf)
<use chpt4/prob13.pdf>
Package pdftex.def Info: chpt4/prob13.pdf  used on input line 396.
(pdftex.def)             Requested size: 298.7504pt x 170.71652pt.
 [59] [60 <./chpt4/prob13.pdf>] [61]
Underfull \vbox (badness 1394) has occurred while \output is active []

 [62]
[63]
Underfull \vbox (badness 5077) has occurred while \output is active []

 [64]
[65] [66] [67] [68] [69]) [70]
Chapter 5.
[71


]
\openout2 = `chpt5/chpt5.aux'.

 (./chpt5/chpt5.tex
Underfull \vbox (badness 3009) has occurred while \output is active []

 [72

]
[73]
Overfull \hbox (1.12352pt too wide) detected at line 160
[]
 []

[74] [75]
<chpt5/prob9.pdf, id=431, 361.35pt x 289.08pt>
File: chpt5/prob9.pdf Graphic file (type pdf)
<use chpt5/prob9.pdf>
Package pdftex.def Info: chpt5/prob9.pdf  used on input line 258.
(pdftex.def)             Requested size: 213.39314pt x 170.71652pt.
 [76 <./chpt5/prob9.pdf>]
Overfull \hbox (16.55518pt too wide) detected at line 310
\OML/cmm/m/it/10.95 E\OT1/cmr/m/n/10.95 [\OML/cmm/m/it/10.95 XY[]\OT1/cmr/m/n/1
0.95 ] = [] \OML/cmm/m/it/10.95 xy[]P[]\OT1/cmr/m/n/10.95 (\OML/cmm/m/it/10.95 
x; y\OT1/cmr/m/n/10.95 ) = [] [] \OML/cmm/m/it/10.95 xy[] \OT1/cmr/m/n/10.95 = 
[] [] = 0\OML/cmm/m/it/10.95 ;
 []

[77] [78]
Underfull \vbox (badness 10000) has occurred while \output is active []

 [79]
[80] [81] [82] [83] [84] [85] [86] [87]
<chpt5/prob18.pdf, id=483, 433.62pt x 361.35pt>
File: chpt5/prob18.pdf Graphic file (type pdf)
<use chpt5/prob18.pdf>
Package pdftex.def Info: chpt5/prob18.pdf  used on input line 858.
(pdftex.def)             Requested size: 204.86006pt x 170.71652pt.
 [88 <./chpt5/prob18.pdf>] [89] [90]
<chpt5/prob23.pdf, id=501, 314.37451pt x 289.08pt>
File: chpt5/prob23.pdf Graphic file (type pdf)
<use chpt5/prob23.pdf>
Package pdftex.def Info: chpt5/prob23.pdf  used on input line 1038.
(pdftex.def)             Requested size: 216.59724pt x 199.16928pt.

[91]
Underfull \vbox (badness 2253) has occurred while \output is active []

 [92 <./chpt5/prob23.pdf>] [93] [94]
<chpt5/prob27.pdf, id=526, 722.7pt x 289.08pt>
File: chpt5/prob27.pdf Graphic file (type pdf)
<use chpt5/prob27.pdf>
Package pdftex.def Info: chpt5/prob27.pdf  used on input line 1184.
(pdftex.def)             Requested size: 426.78629pt x 170.71652pt.

Underfull \vbox (badness 10000) has occurred while \output is active []

 [95 <./chpt5/prob27.pdf>] [96] [97]
<chpt5/prob30b.pdf, id=555, 433.62pt x 289.08pt>
File: chpt5/prob30b.pdf Graphic file (type pdf)
<use chpt5/prob30b.pdf>
Package pdftex.def Info: chpt5/prob30b.pdf  used on input line 1343.
(pdftex.def)             Requested size: 256.07178pt x 170.71652pt.
<chpt5/prob30.pdf, id=556, 433.62pt x 289.08pt>
File: chpt5/prob30.pdf Graphic file (type pdf)
<use chpt5/prob30.pdf>
Package pdftex.def Info: chpt5/prob30.pdf  used on input line 1372.
(pdftex.def)             Requested size: 256.07178pt x 170.71652pt.
 [98] [99 <./chpt5/prob30b.pdf> <./chpt5/prob30.pdf

pdfTeX warning: /Library/TeX/texbin/pdflatex (file ./chpt5/prob30.pdf): PDF inc
lusion: multiple pdfs with page group included in a single page
>]
<chpt5/prob30c.pdf, id=584, 433.62pt x 361.35pt>
File: chpt5/prob30c.pdf Graphic file (type pdf)
<use chpt5/prob30c.pdf>
Package pdftex.def Info: chpt5/prob30c.pdf  used on input line 1398.
(pdftex.def)             Requested size: 204.86006pt x 170.71652pt.
 [100 <./chpt5/prob30c.pdf>] [101] [102] [103]) [104]
Chapter 6.
[105


]
\openout2 = `chpt6/chpt6.aux'.

 (./chpt6/chpt6.tex [106

] [107] [108] [109]
Underfull \vbox (badness 1147) has occurred while \output is active []

 [110]
[111] [112] [113] [114] [115] [116] [117] [118]
<chpt6/prob18.pdf, id=658, 433.62pt x 433.62pt>
File: chpt6/prob18.pdf Graphic file (type pdf)
<use chpt6/prob18.pdf>
Package pdftex.def Info: chpt6/prob18.pdf  used on input line 704.
(pdftex.def)             Requested size: 284.54257pt x 284.52756pt.
 [119 <./chpt6/prob18.pdf>]
<chpt6/prob19.pdf, id=684, 722.7pt x 289.08pt>
File: chpt6/prob19.pdf Graphic file (type pdf)
<use chpt6/prob19.pdf>
Package pdftex.def Info: chpt6/prob19.pdf  used on input line 735.
(pdftex.def)             Requested size: 426.78629pt x 170.71652pt.

[120 <./chpt6/prob19.pdf>] [121]) [122]
Chapter 7.
[123


]
\openout2 = `chpt7/chpt7.aux'.

 (./chpt7/chpt7.tex [124

] [125] [126] [127] [128] [129]
Overfull \hbox (32.15178pt too wide) in paragraph at lines 286--287
[]\OT1/cmr/m/n/10.95 Solving for $\OML/cmm/m/it/10.95 Var\OT1/cmr/m/n/10.95 [\O
ML/cmm/m/it/10.95 X[]\OT1/cmr/m/n/10.95 ]$ is slightly more tricky. To do this,
 I will first need to com-pute $\OML/cmm/m/it/10.95 Cov\OT1/cmr/m/n/10.95 [\OML
/cmm/m/it/10.95 Y[]Y[]; Y[]Y[]\OT1/cmr/m/n/10.95 ]$
 []


Underfull \vbox (badness 10000) has occurred while \output is active []

 [130]
Overfull \hbox (2.77124pt too wide) in paragraph at lines 339--340
[]\OT1/cmr/m/n/10.95 Using some sim-ple al-ge-bra, since $\OML/cmm/m/it/10.95 X
[] \OT1/cmr/m/n/10.95 = [][]$, I have that $[] \OML/cmm/m/it/10.95 X[] \OT1/cmr
/m/n/10.95 = [] [][] [] \OML/cmm/m/it/10.95 Y[]$\OT1/cmr/m/n/10.95 .
 []

[131]
Overfull \hbox (7.594pt too wide) in paragraph at lines 378--379
[]\OT1/cmr/m/n/10.95 To solve this prob-lem, I uti-lize The-o-rem 7.5 in the bo
ok and show that $[][] \OML/cmm/m/it/10.95 P\OT1/cmr/m/n/10.95 (\OMS/cmsy/m/n/1
0.95 j\OML/cmm/m/it/10.95 X[]\OMS/cmsy/m/n/10.95 j \OML/cmm/m/it/10.95 >
 []

[132]
Overfull \hbox (10.25464pt too wide) detected at line 417
[]
 []

[133]) [134]
Chapter 8.
[135


]
\openout2 = `chpt8/chpt8.aux'.

 (./chpt8/chpt8.tex [136

] [137]
Overfull \hbox (53.45422pt too wide) in paragraph at lines 117--118
[]\OT1/cmr/m/n/10.95 Since $[](\OMS/cmsy/m/n/10.95 ^^A\OT1/cmr/m/n/10.95 )$ is 
a mono-tonic in-creas-ing func-tion on $\U/msb/m/n/10.95 R$\OT1/cmr/m/n/10.95 ,
 $[][] []\OML/cmm/m/it/10.95 L\OT1/cmr/m/n/10.95 (\OML/cmm/b/it/10.95 x\OT1/cmr
/m/n/10.95 ; \OML/cmm/m/it/10.95 ^^R\OT1/cmr/m/n/10.95 ) = [][] [] [] \OML/cmm/
m/it/10.95 L\OT1/cmr/m/n/10.95 (\OML/cmm/b/it/10.95 x\OT1/cmr/m/n/10.95 ; \OML/
cmm/m/it/10.95 ^^R\OT1/cmr/m/n/10.95 )$.
 []

[138] [139] [140]
Overfull \hbox (16.16373pt too wide) in paragraph at lines 265--266
[]\OT1/cmr/m/n/10.95 In this prob-lem, we choose a ran-dom sam-ple of size $\OM
L/cmm/m/it/10.95 n$ \OT1/cmr/m/n/10.95 from a pop-u-la-tion, $\OML/cmm/m/it/10.
95 X[]; X[]; [] ; X[]$\OT1/cmr/m/n/10.95 ,
 []

[141] [142] [143] [144] [145] [146]
Underfull \vbox (badness 10000) has occurred while \output is active []

 [147]
Underfull \vbox (badness 10000) has occurred while \output is active []

 [148]
Underfull \vbox (badness 5548) has occurred while \output is active []

 [149]
Underfull \vbox (badness 2671) has occurred while \output is active []

 [150]
Underfull \vbox (badness 10000) has occurred while \output is active []

 [151])
[152]
Chapter 9.
[153


]
\openout2 = `chpt9/chpt9.aux'.

 (./chpt9/chpt9.tex [154

] [155]
Overfull \hbox (7.19125pt too wide) in paragraph at lines 130--131
[]\OT1/cmr/m/n/10.95 We know that $\OML/cmm/m/it/10.95 E\OT1/cmr/m/n/10.95 [\OM
L/cmm/m/it/10.95 X[]\OT1/cmr/m/n/10.95 ] = 1$, and from the deriva-tion above w
e can see that $\OML/cmm/m/it/10.95 E\OT1/cmr/m/n/10.95 [[]] = \OML/cmm/m/it/10
.95 E\OT1/cmr/m/n/10.95 [(2\OML/cmm/m/it/10.95 Y=\OT1/cmr/m/n/10.95 5)[]] =
 []

[156] [157] [158] [159] [160] [161] [162]
Underfull \vbox (badness 2050) has occurred while \output is active []

 [163]
[164] [165] [166] [167]) [168]
Chapter 10.
<chpt12/chapter_12.pdf, id=861, 614.295pt x 794.97pt>
File: chpt12/chapter_12.pdf Graphic file (type pdf)
<use chpt12/chapter_12.pdf>
Package pdftex.def Info: chpt12/chapter_12.pdf  used on input line 96.
(pdftex.def)             Requested size: 614.29349pt x 794.96806pt.
File: chpt12/chapter_12.pdf Graphic file (type pdf)
<use chpt12/chapter_12.pdf>
Package pdftex.def Info: chpt12/chapter_12.pdf  used on input line 96.
(pdftex.def)             Requested size: 614.29349pt x 794.96806pt.
<chpt12/chapter_12.pdf, id=864, page=1, 614.295pt x 794.97pt>
File: chpt12/chapter_12.pdf Graphic file (type pdf)
<use chpt12/chapter_12.pdf, page 1>
Package pdftex.def Info: chpt12/chapter_12.pdf , page1 used on input line 96.
(pdftex.def)             Requested size: 614.29349pt x 794.96806pt.
File: chpt12/chapter_12.pdf Graphic file (type pdf)
<use chpt12/chapter_12.pdf, page 1>
Package pdftex.def Info: chpt12/chapter_12.pdf , page1 used on input line 96.
(pdftex.def)             Requested size: 614.58406pt x 795.3441pt.
[169


]
File: chpt12/chapter_12.pdf Graphic file (type pdf)
<use chpt12/chapter_12.pdf, page 1>
Package pdftex.def Info: chpt12/chapter_12.pdf , page1 used on input line 96.
(pdftex.def)             Requested size: 614.58406pt x 795.3441pt.
File: chpt12/chapter_12.pdf Graphic file (type pdf)
<use chpt12/chapter_12.pdf, page 1>
Package pdftex.def Info: chpt12/chapter_12.pdf , page1 used on input line 96.
(pdftex.def)             Requested size: 614.58406pt x 795.3441pt.
File: chpt12/chapter_12.pdf Graphic file (type pdf)
<use chpt12/chapter_12.pdf, page 1>
Package pdftex.def Info: chpt12/chapter_12.pdf , page1 used on input line 96.
(pdftex.def)             Requested size: 614.58406pt x 795.3441pt.
 [170 <./chpt12/chapter_12.pdf>]
<chpt12/chapter_12.pdf, id=901, page=2, 614.295pt x 794.97pt>
File: chpt12/chapter_12.pdf Graphic file (type pdf)
<use chpt12/chapter_12.pdf, page 2>
Package pdftex.def Info: chpt12/chapter_12.pdf , page2 used on input line 96.
(pdftex.def)             Requested size: 614.58406pt x 795.3441pt.
File: chpt12/chapter_12.pdf Graphic file (type pdf)
<use chpt12/chapter_12.pdf, page 2>
Package pdftex.def Info: chpt12/chapter_12.pdf , page2 used on input line 96.
(pdftex.def)             Requested size: 614.58406pt x 795.3441pt.
File: chpt12/chapter_12.pdf Graphic file (type pdf)
<use chpt12/chapter_12.pdf, page 2>
Package pdftex.def Info: chpt12/chapter_12.pdf , page2 used on input line 96.
(pdftex.def)             Requested size: 614.58406pt x 795.3441pt.
 [171 <./chpt12/chapter_12.pdf>]
<chpt12/chapter_12.pdf, id=930, page=3, 614.295pt x 794.97pt>
File: chpt12/chapter_12.pdf Graphic file (type pdf)
<use chpt12/chapter_12.pdf, page 3>
Package pdftex.def Info: chpt12/chapter_12.pdf , page3 used on input line 96.
(pdftex.def)             Requested size: 614.58406pt x 795.3441pt.
File: chpt12/chapter_12.pdf Graphic file (type pdf)
<use chpt12/chapter_12.pdf, page 3>
Package pdftex.def Info: chpt12/chapter_12.pdf , page3 used on input line 96.
(pdftex.def)             Requested size: 614.58406pt x 795.3441pt.
File: chpt12/chapter_12.pdf Graphic file (type pdf)
<use chpt12/chapter_12.pdf, page 3>
Package pdftex.def Info: chpt12/chapter_12.pdf , page3 used on input line 96.
(pdftex.def)             Requested size: 614.58406pt x 795.3441pt.
 [172 <./chpt12/chapter_12.pdf>]
<chpt12/chapter_12.pdf, id=946, page=4, 614.295pt x 794.97pt>
File: chpt12/chapter_12.pdf Graphic file (type pdf)
<use chpt12/chapter_12.pdf, page 4>
Package pdftex.def Info: chpt12/chapter_12.pdf , page4 used on input line 96.
(pdftex.def)             Requested size: 614.58406pt x 795.3441pt.
File: chpt12/chapter_12.pdf Graphic file (type pdf)
<use chpt12/chapter_12.pdf, page 4>
Package pdftex.def Info: chpt12/chapter_12.pdf , page4 used on input line 96.
(pdftex.def)             Requested size: 614.58406pt x 795.3441pt.
File: chpt12/chapter_12.pdf Graphic file (type pdf)
<use chpt12/chapter_12.pdf, page 4>
Package pdftex.def Info: chpt12/chapter_12.pdf , page4 used on input line 96.
(pdftex.def)             Requested size: 614.58406pt x 795.3441pt.
 [173 <./chpt12/chapter_12.pdf>]
<chpt12/chapter_12.pdf, id=956, page=5, 614.295pt x 794.97pt>
File: chpt12/chapter_12.pdf Graphic file (type pdf)
<use chpt12/chapter_12.pdf, page 5>
Package pdftex.def Info: chpt12/chapter_12.pdf , page5 used on input line 96.
(pdftex.def)             Requested size: 614.58406pt x 795.3441pt.
File: chpt12/chapter_12.pdf Graphic file (type pdf)
<use chpt12/chapter_12.pdf, page 5>
Package pdftex.def Info: chpt12/chapter_12.pdf , page5 used on input line 96.
(pdftex.def)             Requested size: 614.58406pt x 795.3441pt.
File: chpt12/chapter_12.pdf Graphic file (type pdf)
<use chpt12/chapter_12.pdf, page 5>
Package pdftex.def Info: chpt12/chapter_12.pdf , page5 used on input line 96.
(pdftex.def)             Requested size: 614.58406pt x 795.3441pt.
 [174 <./chpt12/chapter_12.pdf>]
<chpt12/chapter_12.pdf, id=976, page=6, 614.295pt x 794.97pt>
File: chpt12/chapter_12.pdf Graphic file (type pdf)
<use chpt12/chapter_12.pdf, page 6>
Package pdftex.def Info: chpt12/chapter_12.pdf , page6 used on input line 96.
(pdftex.def)             Requested size: 614.58406pt x 795.3441pt.
File: chpt12/chapter_12.pdf Graphic file (type pdf)
<use chpt12/chapter_12.pdf, page 6>
Package pdftex.def Info: chpt12/chapter_12.pdf , page6 used on input line 96.
(pdftex.def)             Requested size: 614.58406pt x 795.3441pt.
File: chpt12/chapter_12.pdf Graphic file (type pdf)
<use chpt12/chapter_12.pdf, page 6>
Package pdftex.def Info: chpt12/chapter_12.pdf , page6 used on input line 96.
(pdftex.def)             Requested size: 614.58406pt x 795.3441pt.
 [175 <./chpt12/chapter_12.pdf>]
<chpt12/chapter_12.pdf, id=981, page=7, 614.295pt x 794.97pt>
File: chpt12/chapter_12.pdf Graphic file (type pdf)
<use chpt12/chapter_12.pdf, page 7>
Package pdftex.def Info: chpt12/chapter_12.pdf , page7 used on input line 96.
(pdftex.def)             Requested size: 614.58406pt x 795.3441pt.
File: chpt12/chapter_12.pdf Graphic file (type pdf)
<use chpt12/chapter_12.pdf, page 7>
Package pdftex.def Info: chpt12/chapter_12.pdf , page7 used on input line 96.
(pdftex.def)             Requested size: 614.58406pt x 795.3441pt.
File: chpt12/chapter_12.pdf Graphic file (type pdf)
<use chpt12/chapter_12.pdf, page 7>
Package pdftex.def Info: chpt12/chapter_12.pdf , page7 used on input line 96.
(pdftex.def)             Requested size: 614.58406pt x 795.3441pt.
 [176 <./chpt12/chapter_12.pdf>]
<chpt12/chapter_12.pdf, id=985, page=8, 614.295pt x 794.97pt>
File: chpt12/chapter_12.pdf Graphic file (type pdf)
<use chpt12/chapter_12.pdf, page 8>
Package pdftex.def Info: chpt12/chapter_12.pdf , page8 used on input line 96.
(pdftex.def)             Requested size: 614.58406pt x 795.3441pt.
File: chpt12/chapter_12.pdf Graphic file (type pdf)
<use chpt12/chapter_12.pdf, page 8>
Package pdftex.def Info: chpt12/chapter_12.pdf , page8 used on input line 96.
(pdftex.def)             Requested size: 614.58406pt x 795.3441pt.
File: chpt12/chapter_12.pdf Graphic file (type pdf)
<use chpt12/chapter_12.pdf, page 8>
Package pdftex.def Info: chpt12/chapter_12.pdf , page8 used on input line 96.
(pdftex.def)             Requested size: 614.58406pt x 795.3441pt.

[177 <./chpt12/chapter_12.pdf>]
<chpt12/chapter_12.pdf, id=989, page=9, 614.295pt x 794.97pt>
File: chpt12/chapter_12.pdf Graphic file (type pdf)
<use chpt12/chapter_12.pdf, page 9>
Package pdftex.def Info: chpt12/chapter_12.pdf , page9 used on input line 96.
(pdftex.def)             Requested size: 614.58406pt x 795.3441pt.
File: chpt12/chapter_12.pdf Graphic file (type pdf)
<use chpt12/chapter_12.pdf, page 9>
Package pdftex.def Info: chpt12/chapter_12.pdf , page9 used on input line 96.
(pdftex.def)             Requested size: 614.58406pt x 795.3441pt.
File: chpt12/chapter_12.pdf Graphic file (type pdf)
<use chpt12/chapter_12.pdf, page 9>
Package pdftex.def Info: chpt12/chapter_12.pdf , page9 used on input line 96.
(pdftex.def)             Requested size: 614.58406pt x 795.3441pt.
 [178 <./chpt12/chapter_12.pdf>]
<chpt12/chapter_12.pdf, id=995, page=10, 614.295pt x 794.97pt>
File: chpt12/chapter_12.pdf Graphic file (type pdf)
<use chpt12/chapter_12.pdf, page 10>
Package pdftex.def Info: chpt12/chapter_12.pdf , page10 used on input line 96.
(pdftex.def)             Requested size: 614.58406pt x 795.3441pt.
File: chpt12/chapter_12.pdf Graphic file (type pdf)
<use chpt12/chapter_12.pdf, page 10>
Package pdftex.def Info: chpt12/chapter_12.pdf , page10 used on input line 96.
(pdftex.def)             Requested size: 614.58406pt x 795.3441pt.
File: chpt12/chapter_12.pdf Graphic file (type pdf)
<use chpt12/chapter_12.pdf, page 10>
Package pdftex.def Info: chpt12/chapter_12.pdf , page10 used on input line 96.
(pdftex.def)             Requested size: 614.58406pt x 795.3441pt.
 [179 <./chpt12/chapter_12.pdf>]
<chpt12/chapter_12.pdf, id=999, page=11, 614.295pt x 794.97pt>
File: chpt12/chapter_12.pdf Graphic file (type pdf)
<use chpt12/chapter_12.pdf, page 11>
Package pdftex.def Info: chpt12/chapter_12.pdf , page11 used on input line 96.
(pdftex.def)             Requested size: 614.58406pt x 795.3441pt.
File: chpt12/chapter_12.pdf Graphic file (type pdf)
<use chpt12/chapter_12.pdf, page 11>
Package pdftex.def Info: chpt12/chapter_12.pdf , page11 used on input line 96.
(pdftex.def)             Requested size: 614.58406pt x 795.3441pt.
File: chpt12/chapter_12.pdf Graphic file (type pdf)
<use chpt12/chapter_12.pdf, page 11>
Package pdftex.def Info: chpt12/chapter_12.pdf , page11 used on input line 96.
(pdftex.def)             Requested size: 614.58406pt x 795.3441pt.
 [180 <./chpt12/chapter_12.pdf>]
<chpt12/chapter_12.pdf, id=1003, page=12, 614.295pt x 794.97pt>
File: chpt12/chapter_12.pdf Graphic file (type pdf)
<use chpt12/chapter_12.pdf, page 12>
Package pdftex.def Info: chpt12/chapter_12.pdf , page12 used on input line 96.
(pdftex.def)             Requested size: 614.58406pt x 795.3441pt.
File: chpt12/chapter_12.pdf Graphic file (type pdf)
<use chpt12/chapter_12.pdf, page 12>
Package pdftex.def Info: chpt12/chapter_12.pdf , page12 used on input line 96.
(pdftex.def)             Requested size: 614.58406pt x 795.3441pt.
File: chpt12/chapter_12.pdf Graphic file (type pdf)
<use chpt12/chapter_12.pdf, page 12>
Package pdftex.def Info: chpt12/chapter_12.pdf , page12 used on input line 96.
(pdftex.def)             Requested size: 614.58406pt x 795.3441pt.
 [181 <./chpt12/chapter_12.pdf>]
<chpt12/chapter_12.pdf, id=1008, page=13, 614.295pt x 794.97pt>
File: chpt12/chapter_12.pdf Graphic file (type pdf)
<use chpt12/chapter_12.pdf, page 13>
Package pdftex.def Info: chpt12/chapter_12.pdf , page13 used on input line 96.
(pdftex.def)             Requested size: 614.58406pt x 795.3441pt.
File: chpt12/chapter_12.pdf Graphic file (type pdf)
<use chpt12/chapter_12.pdf, page 13>
Package pdftex.def Info: chpt12/chapter_12.pdf , page13 used on input line 96.
(pdftex.def)             Requested size: 614.58406pt x 795.3441pt.
File: chpt12/chapter_12.pdf Graphic file (type pdf)
<use chpt12/chapter_12.pdf, page 13>
Package pdftex.def Info: chpt12/chapter_12.pdf , page13 used on input line 96.
(pdftex.def)             Requested size: 614.58406pt x 795.3441pt.
 [182 <./chpt12/chapter_12.pdf>]
<chpt12/chapter_12.pdf, id=1014, page=14, 614.295pt x 794.97pt>
File: chpt12/chapter_12.pdf Graphic file (type pdf)
<use chpt12/chapter_12.pdf, page 14>
Package pdftex.def Info: chpt12/chapter_12.pdf , page14 used on input line 96.
(pdftex.def)             Requested size: 614.58406pt x 795.3441pt.
File: chpt12/chapter_12.pdf Graphic file (type pdf)
<use chpt12/chapter_12.pdf, page 14>
Package pdftex.def Info: chpt12/chapter_12.pdf , page14 used on input line 96.
(pdftex.def)             Requested size: 614.58406pt x 795.3441pt.
File: chpt12/chapter_12.pdf Graphic file (type pdf)
<use chpt12/chapter_12.pdf, page 14>
Package pdftex.def Info: chpt12/chapter_12.pdf , page14 used on input line 96.
(pdftex.def)             Requested size: 614.58406pt x 795.3441pt.
 [183 <./chpt12/chapter_12.pdf>]
<chpt12/chapter_12.pdf, id=1018, page=15, 614.295pt x 794.97pt>
File: chpt12/chapter_12.pdf Graphic file (type pdf)
<use chpt12/chapter_12.pdf, page 15>
Package pdftex.def Info: chpt12/chapter_12.pdf , page15 used on input line 96.
(pdftex.def)             Requested size: 614.58406pt x 795.3441pt.
File: chpt12/chapter_12.pdf Graphic file (type pdf)
<use chpt12/chapter_12.pdf, page 15>
Package pdftex.def Info: chpt12/chapter_12.pdf , page15 used on input line 96.
(pdftex.def)             Requested size: 614.58406pt x 795.3441pt.
File: chpt12/chapter_12.pdf Graphic file (type pdf)
<use chpt12/chapter_12.pdf, page 15>
Package pdftex.def Info: chpt12/chapter_12.pdf , page15 used on input line 96.
(pdftex.def)             Requested size: 614.58406pt x 795.3441pt.
 [184 <./chpt12/chapter_12.pdf>]
<chpt12/chapter_12.pdf, id=1022, page=16, 614.295pt x 794.97pt>
File: chpt12/chapter_12.pdf Graphic file (type pdf)
<use chpt12/chapter_12.pdf, page 16>
Package pdftex.def Info: chpt12/chapter_12.pdf , page16 used on input line 96.
(pdftex.def)             Requested size: 614.58406pt x 795.3441pt.
File: chpt12/chapter_12.pdf Graphic file (type pdf)
<use chpt12/chapter_12.pdf, page 16>
Package pdftex.def Info: chpt12/chapter_12.pdf , page16 used on input line 96.
(pdftex.def)             Requested size: 614.58406pt x 795.3441pt.
File: chpt12/chapter_12.pdf Graphic file (type pdf)
<use chpt12/chapter_12.pdf, page 16>
Package pdftex.def Info: chpt12/chapter_12.pdf , page16 used on input line 96.
(pdftex.def)             Requested size: 614.58406pt x 795.3441pt.
 [185 <./chpt12/chapter_12.pdf>]
<chpt12/chapter_12.pdf, id=1038, page=17, 614.295pt x 794.97pt>
File: chpt12/chapter_12.pdf Graphic file (type pdf)
<use chpt12/chapter_12.pdf, page 17>
Package pdftex.def Info: chpt12/chapter_12.pdf , page17 used on input line 96.
(pdftex.def)             Requested size: 614.58406pt x 795.3441pt.
File: chpt12/chapter_12.pdf Graphic file (type pdf)
<use chpt12/chapter_12.pdf, page 17>
Package pdftex.def Info: chpt12/chapter_12.pdf , page17 used on input line 96.
(pdftex.def)             Requested size: 614.58406pt x 795.3441pt.
File: chpt12/chapter_12.pdf Graphic file (type pdf)
<use chpt12/chapter_12.pdf, page 17>
Package pdftex.def Info: chpt12/chapter_12.pdf , page17 used on input line 96.
(pdftex.def)             Requested size: 614.58406pt x 795.3441pt.
 [186 <./chpt12/chapter_12.pdf>]
<chpt12/chapter_12.pdf, id=1042, page=18, 614.295pt x 794.97pt>
File: chpt12/chapter_12.pdf Graphic file (type pdf)
<use chpt12/chapter_12.pdf, page 18>
Package pdftex.def Info: chpt12/chapter_12.pdf , page18 used on input line 96.
(pdftex.def)             Requested size: 614.58406pt x 795.3441pt.
File: chpt12/chapter_12.pdf Graphic file (type pdf)
<use chpt12/chapter_12.pdf, page 18>
Package pdftex.def Info: chpt12/chapter_12.pdf , page18 used on input line 96.
(pdftex.def)             Requested size: 614.58406pt x 795.3441pt.
File: chpt12/chapter_12.pdf Graphic file (type pdf)
<use chpt12/chapter_12.pdf, page 18>
Package pdftex.def Info: chpt12/chapter_12.pdf , page18 used on input line 96.
(pdftex.def)             Requested size: 614.58406pt x 795.3441pt.
 [187 <./chpt12/chapter_12.pdf>]
<chpt12/chapter_12.pdf, id=1049, page=19, 614.295pt x 794.97pt>
File: chpt12/chapter_12.pdf Graphic file (type pdf)
<use chpt12/chapter_12.pdf, page 19>
Package pdftex.def Info: chpt12/chapter_12.pdf , page19 used on input line 96.
(pdftex.def)             Requested size: 614.58406pt x 795.3441pt.
File: chpt12/chapter_12.pdf Graphic file (type pdf)
<use chpt12/chapter_12.pdf, page 19>
Package pdftex.def Info: chpt12/chapter_12.pdf , page19 used on input line 96.
(pdftex.def)             Requested size: 614.58406pt x 795.3441pt.
File: chpt12/chapter_12.pdf Graphic file (type pdf)
<use chpt12/chapter_12.pdf, page 19>
Package pdftex.def Info: chpt12/chapter_12.pdf , page19 used on input line 96.
(pdftex.def)             Requested size: 614.58406pt x 795.3441pt.
 [188 <./chpt12/chapter_12.pdf>]
<chpt12/chapter_12.pdf, id=1058, page=20, 614.295pt x 794.97pt>
File: chpt12/chapter_12.pdf Graphic file (type pdf)
<use chpt12/chapter_12.pdf, page 20>
Package pdftex.def Info: chpt12/chapter_12.pdf , page20 used on input line 96.
(pdftex.def)             Requested size: 614.58406pt x 795.3441pt.
File: chpt12/chapter_12.pdf Graphic file (type pdf)
<use chpt12/chapter_12.pdf, page 20>
Package pdftex.def Info: chpt12/chapter_12.pdf , page20 used on input line 96.
(pdftex.def)             Requested size: 614.58406pt x 795.3441pt.
File: chpt12/chapter_12.pdf Graphic file (type pdf)
<use chpt12/chapter_12.pdf, page 20>
Package pdftex.def Info: chpt12/chapter_12.pdf , page20 used on input line 96.
(pdftex.def)             Requested size: 614.58406pt x 795.3441pt.
 [189 <./chpt12/chapter_12.pdf>]
<chpt12/chapter_12.pdf, id=1062, page=21, 614.295pt x 794.97pt>
File: chpt12/chapter_12.pdf Graphic file (type pdf)
<use chpt12/chapter_12.pdf, page 21>
Package pdftex.def Info: chpt12/chapter_12.pdf , page21 used on input line 96.
(pdftex.def)             Requested size: 614.58406pt x 795.3441pt.
File: chpt12/chapter_12.pdf Graphic file (type pdf)
<use chpt12/chapter_12.pdf, page 21>
Package pdftex.def Info: chpt12/chapter_12.pdf , page21 used on input line 96.
(pdftex.def)             Requested size: 614.58406pt x 795.3441pt.
File: chpt12/chapter_12.pdf Graphic file (type pdf)
<use chpt12/chapter_12.pdf, page 21>
Package pdftex.def Info: chpt12/chapter_12.pdf , page21 used on input line 96.
(pdftex.def)             Requested size: 614.58406pt x 795.3441pt.
 [190 <./chpt12/chapter_12.pdf>]
<chpt12/chapter_12.pdf, id=1066, page=22, 614.295pt x 794.97pt>
File: chpt12/chapter_12.pdf Graphic file (type pdf)
<use chpt12/chapter_12.pdf, page 22>
Package pdftex.def Info: chpt12/chapter_12.pdf , page22 used on input line 96.
(pdftex.def)             Requested size: 614.58406pt x 795.3441pt.
File: chpt12/chapter_12.pdf Graphic file (type pdf)
<use chpt12/chapter_12.pdf, page 22>
Package pdftex.def Info: chpt12/chapter_12.pdf , page22 used on input line 96.
(pdftex.def)             Requested size: 614.58406pt x 795.3441pt.
File: chpt12/chapter_12.pdf Graphic file (type pdf)
<use chpt12/chapter_12.pdf, page 22>
Package pdftex.def Info: chpt12/chapter_12.pdf , page22 used on input line 96.
(pdftex.def)             Requested size: 614.58406pt x 795.3441pt.
 [191 <./chpt12/chapter_12.pdf>]
<chpt12/chapter_12.pdf, id=1070, page=23, 614.295pt x 794.97pt>
File: chpt12/chapter_12.pdf Graphic file (type pdf)
<use chpt12/chapter_12.pdf, page 23>
Package pdftex.def Info: chpt12/chapter_12.pdf , page23 used on input line 96.
(pdftex.def)             Requested size: 614.58406pt x 795.3441pt.
File: chpt12/chapter_12.pdf Graphic file (type pdf)
<use chpt12/chapter_12.pdf, page 23>
Package pdftex.def Info: chpt12/chapter_12.pdf , page23 used on input line 96.
(pdftex.def)             Requested size: 614.58406pt x 795.3441pt.
File: chpt12/chapter_12.pdf Graphic file (type pdf)
<use chpt12/chapter_12.pdf, page 23>
Package pdftex.def Info: chpt12/chapter_12.pdf , page23 used on input line 96.
(pdftex.def)             Requested size: 614.58406pt x 795.3441pt.
 [192 <./chpt12/chapter_12.pdf>]
<chpt12/chapter_12.pdf, id=1076, page=24, 614.295pt x 794.97pt>
File: chpt12/chapter_12.pdf Graphic file (type pdf)
<use chpt12/chapter_12.pdf, page 24>
Package pdftex.def Info: chpt12/chapter_12.pdf , page24 used on input line 96.
(pdftex.def)             Requested size: 614.58406pt x 795.3441pt.
File: chpt12/chapter_12.pdf Graphic file (type pdf)
<use chpt12/chapter_12.pdf, page 24>
Package pdftex.def Info: chpt12/chapter_12.pdf , page24 used on input line 96.
(pdftex.def)             Requested size: 614.58406pt x 795.3441pt.
File: chpt12/chapter_12.pdf Graphic file (type pdf)
<use chpt12/chapter_12.pdf, page 24>
Package pdftex.def Info: chpt12/chapter_12.pdf , page24 used on input line 96.
(pdftex.def)             Requested size: 614.58406pt x 795.3441pt.
 [193 <./chpt12/chapter_12.pdf>]
<chpt12/chapter_12.pdf, id=1081, page=25, 614.295pt x 794.97pt>
File: chpt12/chapter_12.pdf Graphic file (type pdf)
<use chpt12/chapter_12.pdf, page 25>
Package pdftex.def Info: chpt12/chapter_12.pdf , page25 used on input line 96.
(pdftex.def)             Requested size: 614.58406pt x 795.3441pt.
File: chpt12/chapter_12.pdf Graphic file (type pdf)
<use chpt12/chapter_12.pdf, page 25>
Package pdftex.def Info: chpt12/chapter_12.pdf , page25 used on input line 96.
(pdftex.def)             Requested size: 614.58406pt x 795.3441pt.
File: chpt12/chapter_12.pdf Graphic file (type pdf)
<use chpt12/chapter_12.pdf, page 25>
Package pdftex.def Info: chpt12/chapter_12.pdf , page25 used on input line 96.
(pdftex.def)             Requested size: 614.58406pt x 795.3441pt.
 [194 <./chpt12/chapter_12.pdf>]
Chapter 11.
[195

]
\openout2 = `chpt13/chpt13.aux'.

 (./chpt13/chpt13.tex [196

] [197] [198]
<chpt13/prob4.pdf, id=1099, 823.87799pt x 289.08pt>
File: chpt13/prob4.pdf Graphic file (type pdf)
<use chpt13/prob4.pdf>
Package pdftex.def Info: chpt13/prob4.pdf  used on input line 186.
(pdftex.def)             Requested size: 486.53638pt x 170.71652pt.

Overfull \hbox (16.78136pt too wide) in paragraph at lines 186--187
 [][] 
 []

LaTeX Font Info:    Try loading font information for OMS+cmr on input line 206.

(/usr/local/texlive/2018/texmf-dist/tex/latex/base/omscmr.fd
File: omscmr.fd 2014/09/29 v2.5h Standard LaTeX font definitions
)
LaTeX Font Info:    Font shape `OMS/cmr/m/n' in size <10.95> not available
(Font)              Font shape `OMS/cmsy/m/n' tried instead on input line 206.
 [199]) [200 <./chpt13/prob4.pdf>] (./solutions_to_probability_book.aux (./chpt
1/chpt1.aux)
(./chpt2/chpt2.aux) (./chpt3/chpt3.aux) (./chpt4/chpt4.aux) (./chpt5/chpt5.aux)
(./chpt6/chpt6.aux) (./chpt7/chpt7.aux) (./chpt8/chpt8.aux) (./chpt9/chpt9.aux)
(./chpt13/chpt13.aux))

LaTeX Warning: There were multiply-defined labels.

 ) 
Here is how much of TeX's memory you used:
 16399 strings out of 492649
 307652 string characters out of 6129622
 367422 words of memory out of 5000000
 19822 multiletter control sequences out of 15000+600000
 17824 words of font info for 68 fonts, out of 8000000 for 9000
 1141 hyphenation exceptions out of 8191
 55i,20n,54p,1562b,1597s stack positions out of 5000i,500n,10000p,200000b,80000s
 </Users/rubind/Library/texlive/2018/texmf-var/fonts/pk/ljfour/public/bbm/bbm
10.657pk></usr/local/texlive/2018/texmf-dist/fonts/type1/public/amsfonts/cmextr
a/cmbsy8.pfb></usr/local/texlive/2018/texmf-dist/fonts/type1/public/amsfonts/cm
/cmbx10.pfb></usr/local/texlive/2018/texmf-dist/fonts/type1/public/amsfonts/cm/
cmbx12.pfb></usr/local/texlive/2018/texmf-dist/fonts/type1/public/amsfonts/cm/c
mex10.pfb></usr/local/texlive/2018/texmf-dist/fonts/type1/public/amsfonts/cmext
ra/cmex7.pfb></usr/local/texlive/2018/texmf-dist/fonts/type1/public/amsfonts/cm
extra/cmex8.pfb></usr/local/texlive/2018/texmf-dist/fonts/type1/public/amsfonts
/cm/cmmi10.pfb></usr/local/texlive/2018/texmf-dist/fonts/type1/public/amsfonts/
cm/cmmi12.pfb></usr/local/texlive/2018/texmf-dist/fonts/type1/public/amsfonts/c
m/cmmi6.pfb></usr/local/texlive/2018/texmf-dist/fonts/type1/public/amsfonts/cm/
cmmi7.pfb></usr/local/texlive/2018/texmf-dist/fonts/type1/public/amsfonts/cm/cm
mi8.pfb></usr/local/texlive/2018/texmf-dist/fonts/type1/public/amsfonts/cm/cmmi
b10.pfb></usr/local/texlive/2018/texmf-dist/fonts/type1/public/amsfonts/cmextra
/cmmib8.pfb></usr/local/texlive/2018/texmf-dist/fonts/type1/public/amsfonts/cm/
cmr10.pfb></usr/local/texlive/2018/texmf-dist/fonts/type1/public/amsfonts/cm/cm
r12.pfb></usr/local/texlive/2018/texmf-dist/fonts/type1/public/amsfonts/cm/cmr1
7.pfb></usr/local/texlive/2018/texmf-dist/fonts/type1/public/amsfonts/cm/cmr6.p
fb></usr/local/texlive/2018/texmf-dist/fonts/type1/public/amsfonts/cm/cmr8.pfb>
</usr/local/texlive/2018/texmf-dist/fonts/type1/public/amsfonts/cm/cmr9.pfb></u
sr/local/texlive/2018/texmf-dist/fonts/type1/public/amsfonts/cm/cmsl10.pfb></us
r/local/texlive/2018/texmf-dist/fonts/type1/public/amsfonts/cm/cmsy10.pfb></usr
/local/texlive/2018/texmf-dist/fonts/type1/public/amsfonts/cm/cmsy6.pfb></usr/l
ocal/texlive/2018/texmf-dist/fonts/type1/public/amsfonts/cm/cmsy8.pfb></usr/loc
al/texlive/2018/texmf-dist/fonts/type1/public/amsfonts/cm/cmti10.pfb></usr/loca
l/texlive/2018/texmf-dist/fonts/type1/public/amsfonts/cm/cmtt10.pfb></usr/local
/texlive/2018/texmf-dist/fonts/type1/public/lm/lmex10.pfb></usr/local/texlive/2
018/texmf-dist/fonts/type1/public/lm/lmmi10.pfb></usr/local/texlive/2018/texmf-
dist/fonts/type1/public/lm/lmmi6.pfb></usr/local/texlive/2018/texmf-dist/fonts/
type1/public/lm/lmmi8.pfb></usr/local/texlive/2018/texmf-dist/fonts/type1/publi
c/lm/lmmib10.pfb></usr/local/texlive/2018/texmf-dist/fonts/type1/public/lm/lmr1
0.pfb></usr/local/texlive/2018/texmf-dist/fonts/type1/public/lm/lmr6.pfb></usr/
local/texlive/2018/texmf-dist/fonts/type1/public/lm/lmr8.pfb></usr/local/texliv
e/2018/texmf-dist/fonts/type1/public/lm/lmsy10.pfb></usr/local/texlive/2018/tex
mf-dist/fonts/type1/public/lm/lmsy8.pfb></usr/local/texlive/2018/texmf-dist/fon
ts/type1/public/amsfonts/symbols/msam10.pfb></usr/local/texlive/2018/texmf-dist
/fonts/type1/public/amsfonts/symbols/msbm10.pfb>
Output written on solutions_to_probability_book.pdf (200 pages, 4418925 bytes).

PDF statistics:
 1217 PDF objects out of 1440 (max. 8388607)
 865 compressed objects within 9 object streams
 0 named destinations out of 1000 (max. 500000)
 253 words of extra memory for PDF output out of 10000 (max. 10000000)

